<?xml version="1.0" encoding="UTF-8"?>
<!-- Generated by org.testng.reporters.JUnitReportReporter -->
<testsuite hostname="DESKTOP-8DTRV31" failures="0" tests="1" name="testcases.BankManagerLoginTest" time="1.758" errors="0" timestamp="02 Mar 2024 06:12:07 GMT" skipped="0">
  <testcase classname="testcases.BankManagerLoginTest" name="bankManagerLoginTest" time="1.758"/>
</testsuite> <!-- testcases.BankManagerLoginTest -->
