<?xml version="1.0" encoding="UTF-8"?>
<!-- Generated by org.testng.reporters.JUnitReportReporter -->
<testsuite hostname="DESKTOP-8DTRV31" failures="0" tests="3" name="testcases.AddCustomerTest" time="12.064" errors="0" timestamp="02 Mar 2024 06:12:07 GMT" skipped="0">
  <testcase classname="testcases.AddCustomerTest" name="addCustomer" time="3.209"/>
  <testcase classname="testcases.AddCustomerTest" name="addCustomer" time="5.541"/>
  <testcase classname="testcases.AddCustomerTest" name="addCustomer" time="3.314"/>
</testsuite> <!-- testcases.AddCustomerTest -->
